# JRE version: OpenJDK Runtime Environment (8.0_242-b01) (build 1.8.0_242-release-1644-b01)
# Java VM: OpenJDK 64-Bit Server VM (25.242-b01 mixed mode windows-amd64 compressed oops)
Heap:
 PSYoungGen      total 412672K, used 293648K [0x00000000e0000000, 0x00000000ffc00000, 0x0000000100000000)
  eden space 369664K, 67% used [0x00000000e0000000,0x00000000ef52e0b0,0x00000000f6900000)
  from space 43008K, 99% used [0x00000000f6900000,0x00000000f9296038,0x00000000f9300000)
  to   space 75264K, 0% used [0x00000000fb280000,0x00000000fb280000,0x00000000ffc00000)
 ParOldGen       total 223744K, used 135985K [0x00000000a0000000, 0x00000000ada80000, 0x00000000e0000000)
  object space 223744K, 60% used [0x00000000a0000000,0x00000000a84cc4e8,0x00000000ada80000)
 Metaspace       used 105335K, capacity 111768K, committed 112040K, reserved 1146880K
  class space    used 13699K, capacity 14912K, committed 15016K, reserved 1048576K
GC Heap History (10 events):
Event: 224.471 GC heap before
{Heap before GC invocations=27 (full 4):
 PSYoungGen      total 326656K, used 311984K [0x00000000e0000000, 0x00000000f7700000, 0x0000000100000000)
  eden space 276480K, 100% used [0x00000000e0000000,0x00000000f0e00000,0x00000000f0e00000)
  from space 50176K, 70% used [0x00000000f4100000,0x00000000f63ac050,0x00000000f7200000)
  to   space 52224K, 0% used [0x00000000f0e00000,0x00000000f0e00000,0x00000000f4100000)
 ParOldGen       total 223744K, used 85342K [0x00000000a0000000, 0x00000000ada80000, 0x00000000e0000000)
  object space 223744K, 38% used [0x00000000a0000000,0x00000000a5357b88,0x00000000ada80000)
 Metaspace       used 101950K, capacity 107006K, committed 107432K, reserved 1142784K
  class space    used 13316K, capacity 14327K, committed 14504K, reserved 1048576K
Event: 224.581 GC heap after
Heap after GC invocations=27 (full 4):
 PSYoungGen      total 328704K, used 52202K [0x00000000e0000000, 0x00000000fcf80000, 0x0000000100000000)
  eden space 276480K, 0% used [0x00000000e0000000,0x00000000e0000000,0x00000000f0e00000)
  from space 52224K, 99% used [0x00000000f0e00000,0x00000000f40fabf8,0x00000000f4100000)
  to   space 70144K, 0% used [0x00000000f8b00000,0x00000000f8b00000,0x00000000fcf80000)
 ParOldGen       total 223744K, used 113338K [0x00000000a0000000, 0x00000000ada80000, 0x00000000e0000000)
  object space 223744K, 50% used [0x00000000a0000000,0x00000000a6eae8d0,0x00000000ada80000)
 Metaspace       used 101950K, capacity 107006K, committed 107432K, reserved 1142784K
  class space    used 13316K, capacity 14327K, committed 14504K, reserved 1048576K
}
Event: 319.767 GC heap before
{Heap before GC invocations=28 (full 4):
 PSYoungGen      total 328704K, used 328682K [0x00000000e0000000, 0x00000000fcf80000, 0x0000000100000000)
  eden space 276480K, 100% used [0x00000000e0000000,0x00000000f0e00000,0x00000000f0e00000)
  from space 52224K, 99% used [0x00000000f0e00000,0x00000000f40fabf8,0x00000000f4100000)
  to   space 70144K, 0% used [0x00000000f8b00000,0x00000000f8b00000,0x00000000fcf80000)
 ParOldGen       total 223744K, used 113338K [0x00000000a0000000, 0x00000000ada80000, 0x00000000e0000000)
  object space 223744K, 50% used [0x00000000a0000000,0x00000000a6eae8d0,0x00000000ada80000)
 Metaspace       used 102571K, capacity 107964K, committed 108200K, reserved 1142784K
  class space    used 13374K, capacity 14434K, committed 14504K, reserved 1048576K
Event: 319.889 GC heap after
Heap after GC invocations=28 (full 4):
 PSYoungGen      total 381952K, used 30768K [0x00000000e0000000, 0x00000000fc100000, 0x0000000100000000)
  eden space 326656K, 0% used [0x00000000e0000000,0x00000000e0000000,0x00000000f3f00000)
  from space 55296K, 55% used [0x00000000f8b00000,0x00000000fa90c150,0x00000000fc100000)
  to   space 66560K, 0% used [0x00000000f3f00000,0x00000000f3f00000,0x00000000f8000000)
 ParOldGen       total 223744K, used 124633K [0x00000000a0000000, 0x00000000ada80000, 0x00000000e0000000)
  object space 223744K, 55% used [0x00000000a0000000,0x00000000a79b64e8,0x00000000ada80000)
 Metaspace       used 102571K, capacity 107964K, committed 108200K, reserved 1142784K
  class space    used 13374K, capacity 14434K, committed 14504K, reserved 1048576K
}
Event: 322.408 GC heap before
{Heap before GC invocations=29 (full 4):
 PSYoungGen      total 381952K, used 357403K [0x00000000e0000000, 0x00000000fc100000, 0x0000000100000000)
  eden space 326656K, 99% used [0x00000000e0000000,0x00000000f3efae80,0x00000000f3f00000)
  from space 55296K, 55% used [0x00000000f8b00000,0x00000000fa90c150,0x00000000fc100000)
  to   space 66560K, 0% used [0x00000000f3f00000,0x00000000f3f00000,0x00000000f8000000)
 ParOldGen       total 223744K, used 124633K [0x00000000a0000000, 0x00000000ada80000, 0x00000000e0000000)
  object space 223744K, 55% used [0x00000000a0000000,0x00000000a79b64e8,0x00000000ada80000)
 Metaspace       used 102881K, capacity 108342K, committed 108456K, reserved 1142784K
  class space    used 13382K, capacity 14449K, committed 14504K, reserved 1048576K
Event: 322.530 GC heap after
Heap after GC invocations=29 (full 4):
 PSYoungGen      total 393216K, used 66557K [0x00000000e0000000, 0x0000000100000000, 0x0000000100000000)
  eden space 326656K, 0% used [0x00000000e0000000,0x00000000e0000000,0x00000000f3f00000)
  from space 66560K, 99% used [0x00000000f3f00000,0x00000000f7fff628,0x00000000f8000000)
  to   space 78336K, 0% used [0x00000000fb380000,0x00000000fb380000,0x0000000100000000)
 ParOldGen       total 223744K, used 129145K [0x00000000a0000000, 0x00000000ada80000, 0x00000000e0000000)
  object space 223744K, 57% used [0x00000000a0000000,0x00000000a7e1e500,0x00000000ada80000)
 Metaspace       used 102881K, capacity 108342K, committed 108456K, reserved 1142784K
  class space    used 13382K, capacity 14449K, committed 14504K, reserved 1048576K
}
Event: 439.191 GC heap before
{Heap before GC invocations=30 (full 4):
 PSYoungGen      total 393216K, used 393213K [0x00000000e0000000, 0x0000000100000000, 0x0000000100000000)
  eden space 326656K, 100% used [0x00000000e0000000,0x00000000f3f00000,0x00000000f3f00000)
  from space 66560K, 99% used [0x00000000f3f00000,0x00000000f7fff628,0x00000000f8000000)
  to   space 78336K, 0% used [0x00000000fb380000,0x00000000fb380000,0x0000000100000000)
 ParOldGen       total 223744K, used 129145K [0x00000000a0000000, 0x00000000ada80000, 0x00000000e0000000)
  object space 223744K, 57% used [0x00000000a0000000,0x00000000a7e1e500,0x00000000ada80000)
 Metaspace       used 104430K, capacity 110334K, committed 110504K, reserved 1144832K
  class space    used 13610K, capacity 14743K, committed 14760K, reserved 1048576K
Event: 439.241 GC heap after
Heap after GC invocations=30 (full 4):
 PSYoungGen      total 448000K, used 39752K [0x00000000e0000000, 0x0000000100000000, 0x0000000100000000)
  eden space 369664K, 0% used [0x00000000e0000000,0x00000000e0000000,0x00000000f6900000)
  from space 78336K, 50% used [0x00000000fb380000,0x00000000fda52010,0x0000000100000000)
  to   space 76288K, 0% used [0x00000000f6900000,0x00000000f6900000,0x00000000fb380000)
 ParOldGen       total 223744K, used 135977K [0x00000000a0000000, 0x00000000ada80000, 0x00000000e0000000)
  object space 223744K, 60% used [0x00000000a0000000,0x00000000a84ca4e8,0x00000000ada80000)
 Metaspace       used 104430K, capacity 110334K, committed 110504K, reserved 1144832K
  class space    used 13610K, capacity 14743K, committed 14760K, reserved 1048576K
}
Event: 601.428 GC heap before
{Heap before GC invocations=31 (full 4):
 PSYoungGen      total 448000K, used 409416K [0x00000000e0000000, 0x0000000100000000, 0x0000000100000000)
  eden space 369664K, 100% used [0x00000000e0000000,0x00000000f6900000,0x00000000f6900000)
  from space 78336K, 50% used [0x00000000fb380000,0x00000000fda52010,0x0000000100000000)
  to   space 76288K, 0% used [0x00000000f6900000,0x00000000f6900000,0x00000000fb380000)
 ParOldGen       total 223744K, used 135977K [0x00000000a0000000, 0x00000000ada80000, 0x00000000e0000000)
  object space 223744K, 60% used [0x00000000a0000000,0x00000000a84ca4e8,0x00000000ada80000)
 Metaspace       used 105247K, capacity 111636K, committed 111784K, reserved 1146880K
  class space    used 13699K, capacity 14912K, committed 15016K, reserved 1048576K
Event: 601.471 GC heap after
Heap after GC invocations=31 (full 4):
 PSYoungGen      total 412672K, used 42584K [0x00000000e0000000, 0x00000000ffc00000, 0x0000000100000000)
  eden space 369664K, 0% used [0x00000000e0000000,0x00000000e0000000,0x00000000f6900000)
  from space 43008K, 99% used [0x00000000f6900000,0x00000000f9296038,0x00000000f9300000)
  to   space 75264K, 0% used [0x00000000fb280000,0x00000000fb280000,0x00000000ffc00000)
 ParOldGen       total 223744K, used 135985K [0x00000000a0000000, 0x00000000ada80000, 0x00000000e0000000)
  object space 223744K, 60% used [0x00000000a0000000,0x00000000a84cc4e8,0x00000000ada80000)
 Metaspace       used 105247K, capacity 111636K, committed 111784K, reserved 1146880K
  class space    used 13699K, capacity 14912K, committed 15016K, reserved 1048576K
}

