# JRE version: OpenJDK Runtime Environment (8.0_242-b01) (build 1.8.0_242-release-1644-b01)
# Java VM: OpenJDK 64-Bit Server VM (25.242-b01 mixed mode windows-amd64 compressed oops)
Heap:
 PSYoungGen      total 175104K, used 137125K [0x00000000e0000000, 0x00000000eca00000, 0x0000000100000000)
  eden space 157184K, 75% used [0x00000000e0000000,0x00000000e7470170,0x00000000e9980000)
  from space 17920K, 99% used [0x00000000eb000000,0x00000000ec179368,0x00000000ec180000)
  to   space 23040K, 0% used [0x00000000e9980000,0x00000000e9980000,0x00000000eb000000)
 ParOldGen       total 155648K, used 42697K [0x00000000a0000000, 0x00000000a9800000, 0x00000000e0000000)
  object space 155648K, 27% used [0x00000000a0000000,0x00000000a29b2598,0x00000000a9800000)
 Metaspace       used 68267K, capacity 71095K, committed 71296K, reserved 1110016K
  class space    used 9203K, capacity 9794K, committed 9856K, reserved 1048576K
GC Heap History (10 events):
Event: 12.855 GC heap before
{Heap before GC invocations=13 (full 2):
 PSYoungGen      total 134656K, used 134638K [0x00000000e0000000, 0x00000000e9e80000, 0x0000000100000000)
  eden space 121856K, 100% used [0x00000000e0000000,0x00000000e7700000,0x00000000e7700000)
  from space 12800K, 99% used [0x00000000e9200000,0x00000000e9e7b890,0x00000000e9e80000)
  to   space 14336K, 0% used [0x00000000e8280000,0x00000000e8280000,0x00000000e9080000)
 ParOldGen       total 100864K, used 18971K [0x00000000a0000000, 0x00000000a6280000, 0x00000000e0000000)
  object space 100864K, 18% used [0x00000000a0000000,0x00000000a1286f70,0x00000000a6280000)
 Metaspace       used 52470K, capacity 53981K, committed 54272K, reserved 1095680K
  class space    used 7171K, capacity 7553K, committed 7680K, reserved 1048576K
Event: 12.883 GC heap after
Heap after GC invocations=13 (full 2):
 PSYoungGen      total 147968K, used 13631K [0x00000000e0000000, 0x00000000ead80000, 0x0000000100000000)
  eden space 133632K, 0% used [0x00000000e0000000,0x00000000e0000000,0x00000000e8280000)
  from space 14336K, 95% used [0x00000000e8280000,0x00000000e8fcfc80,0x00000000e9080000)
  to   space 15872K, 0% used [0x00000000e9e00000,0x00000000e9e00000,0x00000000ead80000)
 ParOldGen       total 100864K, used 24879K [0x00000000a0000000, 0x00000000a6280000, 0x00000000e0000000)
  object space 100864K, 24% used [0x00000000a0000000,0x00000000a184bf98,0x00000000a6280000)
 Metaspace       used 52470K, capacity 53981K, committed 54272K, reserved 1095680K
  class space    used 7171K, capacity 7553K, committed 7680K, reserved 1048576K
}
Event: 14.495 GC heap before
{Heap before GC invocations=14 (full 2):
 PSYoungGen      total 147968K, used 83594K [0x00000000e0000000, 0x00000000ead80000, 0x0000000100000000)
  eden space 133632K, 52% used [0x00000000e0000000,0x00000000e4452bb8,0x00000000e8280000)
  from space 14336K, 95% used [0x00000000e8280000,0x00000000e8fcfc80,0x00000000e9080000)
  to   space 15872K, 0% used [0x00000000e9e00000,0x00000000e9e00000,0x00000000ead80000)
 ParOldGen       total 100864K, used 24879K [0x00000000a0000000, 0x00000000a6280000, 0x00000000e0000000)
  object space 100864K, 24% used [0x00000000a0000000,0x00000000a184bf98,0x00000000a6280000)
 Metaspace       used 57534K, capacity 59139K, committed 59160K, reserved 1099776K
  class space    used 7877K, capacity 8302K, committed 8320K, reserved 1048576K
Event: 14.514 GC heap after
Heap after GC invocations=14 (full 2):
 PSYoungGen      total 160768K, used 13289K [0x00000000e0000000, 0x00000000ebd00000, 0x0000000100000000)
  eden space 144896K, 0% used [0x00000000e0000000,0x00000000e0000000,0x00000000e8d80000)
  from space 15872K, 83% used [0x00000000e9e00000,0x00000000eaafa440,0x00000000ead80000)
  to   space 16896K, 0% used [0x00000000e8d80000,0x00000000e8d80000,0x00000000e9e00000)
 ParOldGen       total 100864K, used 24951K [0x00000000a0000000, 0x00000000a6280000, 0x00000000e0000000)
  object space 100864K, 24% used [0x00000000a0000000,0x00000000a185dfa8,0x00000000a6280000)
 Metaspace       used 57534K, capacity 59139K, committed 59160K, reserved 1099776K
  class space    used 7877K, capacity 8302K, committed 8320K, reserved 1048576K
}
Event: 14.514 GC heap before
{Heap before GC invocations=15 (full 3):
 PSYoungGen      total 160768K, used 13289K [0x00000000e0000000, 0x00000000ebd00000, 0x0000000100000000)
  eden space 144896K, 0% used [0x00000000e0000000,0x00000000e0000000,0x00000000e8d80000)
  from space 15872K, 83% used [0x00000000e9e00000,0x00000000eaafa440,0x00000000ead80000)
  to   space 16896K, 0% used [0x00000000e8d80000,0x00000000e8d80000,0x00000000e9e00000)
 ParOldGen       total 100864K, used 24951K [0x00000000a0000000, 0x00000000a6280000, 0x00000000e0000000)
  object space 100864K, 24% used [0x00000000a0000000,0x00000000a185dfa8,0x00000000a6280000)
 Metaspace       used 57534K, capacity 59139K, committed 59160K, reserved 1099776K
  class space    used 7877K, capacity 8302K, committed 8320K, reserved 1048576K
Event: 14.997 GC heap after
Heap after GC invocations=15 (full 3):
 PSYoungGen      total 160768K, used 0K [0x00000000e0000000, 0x00000000ebd00000, 0x0000000100000000)
  eden space 144896K, 0% used [0x00000000e0000000,0x00000000e0000000,0x00000000e8d80000)
  from space 15872K, 0% used [0x00000000e9e00000,0x00000000e9e00000,0x00000000ead80000)
  to   space 16896K, 0% used [0x00000000e8d80000,0x00000000e8d80000,0x00000000e9e00000)
 ParOldGen       total 155648K, used 34203K [0x00000000a0000000, 0x00000000a9800000, 0x00000000e0000000)
  object space 155648K, 21% used [0x00000000a0000000,0x00000000a2166d68,0x00000000a9800000)
 Metaspace       used 57534K, capacity 59139K, committed 59160K, reserved 1099776K
  class space    used 7877K, capacity 8302K, committed 8320K, reserved 1048576K
}
Event: 17.787 GC heap before
{Heap before GC invocations=16 (full 3):
 PSYoungGen      total 160768K, used 144896K [0x00000000e0000000, 0x00000000ebd00000, 0x0000000100000000)
  eden space 144896K, 100% used [0x00000000e0000000,0x00000000e8d80000,0x00000000e8d80000)
  from space 15872K, 0% used [0x00000000e9e00000,0x00000000e9e00000,0x00000000ead80000)
  to   space 16896K, 0% used [0x00000000e8d80000,0x00000000e8d80000,0x00000000e9e00000)
 ParOldGen       total 155648K, used 34203K [0x00000000a0000000, 0x00000000a9800000, 0x00000000e0000000)
  object space 155648K, 21% used [0x00000000a0000000,0x00000000a2166d68,0x00000000a9800000)
 Metaspace       used 62301K, capacity 64833K, committed 65024K, reserved 1105920K
  class space    used 8562K, capacity 9091K, committed 9216K, reserved 1048576K
Event: 17.807 GC heap after
Heap after GC invocations=16 (full 3):
 PSYoungGen      total 161792K, used 13164K [0x00000000e0000000, 0x00000000ec180000, 0x0000000100000000)
  eden space 144896K, 0% used [0x00000000e0000000,0x00000000e0000000,0x00000000e8d80000)
  from space 16896K, 77% used [0x00000000e8d80000,0x00000000e9a5b1f8,0x00000000e9e00000)
  to   space 17920K, 0% used [0x00000000eb000000,0x00000000eb000000,0x00000000ec180000)
 ParOldGen       total 155648K, used 34211K [0x00000000a0000000, 0x00000000a9800000, 0x00000000e0000000)
  object space 155648K, 21% used [0x00000000a0000000,0x00000000a2168d68,0x00000000a9800000)
 Metaspace       used 62301K, capacity 64833K, committed 65024K, reserved 1105920K
  class space    used 8562K, capacity 9091K, committed 9216K, reserved 1048576K
}
Event: 22.109 GC heap before
{Heap before GC invocations=17 (full 3):
 PSYoungGen      total 161792K, used 158060K [0x00000000e0000000, 0x00000000ec180000, 0x0000000100000000)
  eden space 144896K, 100% used [0x00000000e0000000,0x00000000e8d80000,0x00000000e8d80000)
  from space 16896K, 77% used [0x00000000e8d80000,0x00000000e9a5b1f8,0x00000000e9e00000)
  to   space 17920K, 0% used [0x00000000eb000000,0x00000000eb000000,0x00000000ec180000)
 ParOldGen       total 155648K, used 34211K [0x00000000a0000000, 0x00000000a9800000, 0x00000000e0000000)
  object space 155648K, 21% used [0x00000000a0000000,0x00000000a2168d68,0x00000000a9800000)
 Metaspace       used 67379K, capacity 70125K, committed 70400K, reserved 1110016K
  class space    used 9128K, capacity 9707K, committed 9728K, reserved 1048576K
Event: 22.137 GC heap after
Heap after GC invocations=17 (full 3):
 PSYoungGen      total 175104K, used 17892K [0x00000000e0000000, 0x00000000eca00000, 0x0000000100000000)
  eden space 157184K, 0% used [0x00000000e0000000,0x00000000e0000000,0x00000000e9980000)
  from space 17920K, 99% used [0x00000000eb000000,0x00000000ec179368,0x00000000ec180000)
  to   space 23040K, 0% used [0x00000000e9980000,0x00000000e9980000,0x00000000eb000000)
 ParOldGen       total 155648K, used 42697K [0x00000000a0000000, 0x00000000a9800000, 0x00000000e0000000)
  object space 155648K, 27% used [0x00000000a0000000,0x00000000a29b2598,0x00000000a9800000)
 Metaspace       used 67379K, capacity 70125K, committed 70400K, reserved 1110016K
  class space    used 9128K, capacity 9707K, committed 9728K, reserved 1048576K
}

