# JRE version: OpenJDK Runtime Environment (8.0_242-b01) (build 1.8.0_242-release-1644-b01)
# Java VM: OpenJDK 64-Bit Server VM (25.242-b01 mixed mode windows-amd64 compressed oops)
Heap:
 PSYoungGen      total 242688K, used 62735K [0x00000000e0000000, 0x00000000f1e00000, 0x0000000100000000)
  eden space 229376K, 21% used [0x00000000e0000000,0x00000000e3049fb0,0x00000000ee000000)
  from space 13312K, 99% used [0x00000000f1100000,0x00000000f1df9ed0,0x00000000f1e00000)
  to   space 15872K, 0% used [0x00000000eff00000,0x00000000eff00000,0x00000000f0e80000)
 ParOldGen       total 56320K, used 7159K [0x00000000a0000000, 0x00000000a3700000, 0x00000000e0000000)
  object space 56320K, 12% used [0x00000000a0000000,0x00000000a06fde30,0x00000000a3700000)
 Metaspace       used 34395K, capacity 35238K, committed 35496K, reserved 1079296K
  class space    used 4718K, capacity 4938K, committed 5040K, reserved 1048576K
GC Heap History (10 events):
Event: 2.989 GC heap before
{Heap before GC invocations=3 (full 0):
 PSYoungGen      total 71680K, used 70049K [0x00000000e0000000, 0x00000000e4b00000, 0x0000000100000000)
  eden space 66560K, 100% used [0x00000000e0000000,0x00000000e4100000,0x00000000e4100000)
  from space 5120K, 68% used [0x00000000e4600000,0x00000000e4968598,0x00000000e4b00000)
  to   space 5120K, 0% used [0x00000000e4100000,0x00000000e4100000,0x00000000e4600000)
 ParOldGen       total 87552K, used 24K [0x00000000a0000000, 0x00000000a5580000, 0x00000000e0000000)
  object space 87552K, 0% used [0x00000000a0000000,0x00000000a0006000,0x00000000a5580000)
 Metaspace       used 15132K, capacity 15596K, committed 15872K, reserved 1062912K
  class space    used 2012K, capacity 2186K, committed 2304K, reserved 1048576K
Event: 2.997 GC heap after
Heap after GC invocations=3 (full 0):
 PSYoungGen      total 71680K, used 5104K [0x00000000e0000000, 0x00000000e8c00000, 0x0000000100000000)
  eden space 66560K, 0% used [0x00000000e0000000,0x00000000e0000000,0x00000000e4100000)
  from space 5120K, 99% used [0x00000000e4100000,0x00000000e45fc030,0x00000000e4600000)
  to   space 5120K, 0% used [0x00000000e8700000,0x00000000e8700000,0x00000000e8c00000)
 ParOldGen       total 87552K, used 4458K [0x00000000a0000000, 0x00000000a5580000, 0x00000000e0000000)
  object space 87552K, 5% used [0x00000000a0000000,0x00000000a045a8c0,0x00000000a5580000)
 Metaspace       used 15132K, capacity 15596K, committed 15872K, reserved 1062912K
  class space    used 2012K, capacity 2186K, committed 2304K, reserved 1048576K
}
Event: 4.113 GC heap before
{Heap before GC invocations=4 (full 0):
 PSYoungGen      total 71680K, used 71664K [0x00000000e0000000, 0x00000000e8c00000, 0x0000000100000000)
  eden space 66560K, 100% used [0x00000000e0000000,0x00000000e4100000,0x00000000e4100000)
  from space 5120K, 99% used [0x00000000e4100000,0x00000000e45fc030,0x00000000e4600000)
  to   space 5120K, 0% used [0x00000000e8700000,0x00000000e8700000,0x00000000e8c00000)
 ParOldGen       total 87552K, used 4458K [0x00000000a0000000, 0x00000000a5580000, 0x00000000e0000000)
  object space 87552K, 5% used [0x00000000a0000000,0x00000000a045a8c0,0x00000000a5580000)
 Metaspace       used 20471K, capacity 21068K, committed 21248K, reserved 1067008K
  class space    used 2867K, capacity 3052K, committed 3072K, reserved 1048576K
Event: 4.122 GC heap after
Heap after GC invocations=4 (full 0):
 PSYoungGen      total 138240K, used 5104K [0x00000000e0000000, 0x00000000e8c00000, 0x0000000100000000)
  eden space 133120K, 0% used [0x00000000e0000000,0x00000000e0000000,0x00000000e8200000)
  from space 5120K, 99% used [0x00000000e8700000,0x00000000e8bfc040,0x00000000e8c00000)
  to   space 5120K, 0% used [0x00000000e8200000,0x00000000e8200000,0x00000000e8700000)
 ParOldGen       total 87552K, used 11228K [0x00000000a0000000, 0x00000000a5580000, 0x00000000e0000000)
  object space 87552K, 12% used [0x00000000a0000000,0x00000000a0af7180,0x00000000a5580000)
 Metaspace       used 20471K, capacity 21068K, committed 21248K, reserved 1067008K
  class space    used 2867K, capacity 3052K, committed 3072K, reserved 1048576K
}
Event: 4.164 GC heap before
{Heap before GC invocations=5 (full 0):
 PSYoungGen      total 138240K, used 10569K [0x00000000e0000000, 0x00000000e8c00000, 0x0000000100000000)
  eden space 133120K, 4% used [0x00000000e0000000,0x00000000e05565a8,0x00000000e8200000)
  from space 5120K, 99% used [0x00000000e8700000,0x00000000e8bfc040,0x00000000e8c00000)
  to   space 5120K, 0% used [0x00000000e8200000,0x00000000e8200000,0x00000000e8700000)
 ParOldGen       total 87552K, used 11228K [0x00000000a0000000, 0x00000000a5580000, 0x00000000e0000000)
  object space 87552K, 12% used [0x00000000a0000000,0x00000000a0af7180,0x00000000a5580000)
 Metaspace       used 20658K, capacity 21260K, committed 21296K, reserved 1067008K
  class space    used 2897K, capacity 3116K, committed 3120K, reserved 1048576K
Event: 4.172 GC heap after
Heap after GC invocations=5 (full 0):
 PSYoungGen      total 138240K, used 5104K [0x00000000e0000000, 0x00000000f1e00000, 0x0000000100000000)
  eden space 133120K, 0% used [0x00000000e0000000,0x00000000e0000000,0x00000000e8200000)
  from space 5120K, 99% used [0x00000000e8200000,0x00000000e86fc040,0x00000000e8700000)
  to   space 13312K, 0% used [0x00000000f1100000,0x00000000f1100000,0x00000000f1e00000)
 ParOldGen       total 87552K, used 11462K [0x00000000a0000000, 0x00000000a5580000, 0x00000000e0000000)
  object space 87552K, 13% used [0x00000000a0000000,0x00000000a0b31978,0x00000000a5580000)
 Metaspace       used 20658K, capacity 21260K, committed 21296K, reserved 1067008K
  class space    used 2897K, capacity 3116K, committed 3120K, reserved 1048576K
}
Event: 4.172 GC heap before
{Heap before GC invocations=6 (full 1):
 PSYoungGen      total 138240K, used 5104K [0x00000000e0000000, 0x00000000f1e00000, 0x0000000100000000)
  eden space 133120K, 0% used [0x00000000e0000000,0x00000000e0000000,0x00000000e8200000)
  from space 5120K, 99% used [0x00000000e8200000,0x00000000e86fc040,0x00000000e8700000)
  to   space 13312K, 0% used [0x00000000f1100000,0x00000000f1100000,0x00000000f1e00000)
 ParOldGen       total 87552K, used 11462K [0x00000000a0000000, 0x00000000a5580000, 0x00000000e0000000)
  object space 87552K, 13% used [0x00000000a0000000,0x00000000a0b31978,0x00000000a5580000)
 Metaspace       used 20658K, capacity 21260K, committed 21296K, reserved 1067008K
  class space    used 2897K, capacity 3116K, committed 3120K, reserved 1048576K
Event: 4.230 GC heap after
Heap after GC invocations=6 (full 1):
 PSYoungGen      total 138240K, used 0K [0x00000000e0000000, 0x00000000f1e00000, 0x0000000100000000)
  eden space 133120K, 0% used [0x00000000e0000000,0x00000000e0000000,0x00000000e8200000)
  from space 5120K, 0% used [0x00000000e8200000,0x00000000e8200000,0x00000000e8700000)
  to   space 13312K, 0% used [0x00000000f1100000,0x00000000f1100000,0x00000000f1e00000)
 ParOldGen       total 56320K, used 7104K [0x00000000a0000000, 0x00000000a3700000, 0x00000000e0000000)
  object space 56320K, 12% used [0x00000000a0000000,0x00000000a06f0300,0x00000000a3700000)
 Metaspace       used 20658K, capacity 21260K, committed 21296K, reserved 1067008K
  class space    used 2897K, capacity 3116K, committed 3120K, reserved 1048576K
}
Event: 6.963 GC heap before
{Heap before GC invocations=7 (full 1):
 PSYoungGen      total 138240K, used 133120K [0x00000000e0000000, 0x00000000f1e00000, 0x0000000100000000)
  eden space 133120K, 100% used [0x00000000e0000000,0x00000000e8200000,0x00000000e8200000)
  from space 5120K, 0% used [0x00000000e8200000,0x00000000e8200000,0x00000000e8700000)
  to   space 13312K, 0% used [0x00000000f1100000,0x00000000f1100000,0x00000000f1e00000)
 ParOldGen       total 56320K, used 7104K [0x00000000a0000000, 0x00000000a3700000, 0x00000000e0000000)
  object space 56320K, 12% used [0x00000000a0000000,0x00000000a06f0300,0x00000000a3700000)
 Metaspace       used 32274K, capacity 33048K, committed 33328K, reserved 1077248K
  class space    used 4403K, capacity 4609K, committed 4656K, reserved 1048576K
Event: 6.995 GC heap after
Heap after GC invocations=7 (full 1):
 PSYoungGen      total 242688K, used 13287K [0x00000000e0000000, 0x00000000f1e00000, 0x0000000100000000)
  eden space 229376K, 0% used [0x00000000e0000000,0x00000000e0000000,0x00000000ee000000)
  from space 13312K, 99% used [0x00000000f1100000,0x00000000f1df9ed0,0x00000000f1e00000)
  to   space 15872K, 0% used [0x00000000eff00000,0x00000000eff00000,0x00000000f0e80000)
 ParOldGen       total 56320K, used 7159K [0x00000000a0000000, 0x00000000a3700000, 0x00000000e0000000)
  object space 56320K, 12% used [0x00000000a0000000,0x00000000a06fde30,0x00000000a3700000)
 Metaspace       used 32274K, capacity 33048K, committed 33328K, reserved 1077248K
  class space    used 4403K, capacity 4609K, committed 4656K, reserved 1048576K
}

