# JRE version: OpenJDK Runtime Environment (8.0_242-b01) (build 1.8.0_242-release-1644-b01)
# Java VM: OpenJDK 64-Bit Server VM (25.242-b01 mixed mode windows-amd64 compressed oops)
Heap:
 PSYoungGen      total 359424K, used 48396K [0x00000000e0000000, 0x00000000fa780000, 0x0000000100000000)
  eden space 314880K, 9% used [0x00000000e0000000,0x00000000e1e204a8,0x00000000f3380000)
  from space 44544K, 39% used [0x00000000f3380000,0x00000000f44a2ce0,0x00000000f5f00000)
  to   space 41984K, 0% used [0x00000000f7e80000,0x00000000f7e80000,0x00000000fa780000)
 ParOldGen       total 209920K, used 101647K [0x00000000a0000000, 0x00000000acd00000, 0x00000000e0000000)
  object space 209920K, 48% used [0x00000000a0000000,0x00000000a6343c48,0x00000000acd00000)
 Metaspace       used 84223K, capacity 88000K, committed 89640K, reserved 1126400K
  class space    used 11149K, capacity 11890K, committed 12328K, reserved 1048576K
GC Heap History (10 events):
Event: 17.243 GC heap before
{Heap before GC invocations=17 (full 3):
 PSYoungGen      total 257024K, used 257003K [0x00000000e0000000, 0x00000000f5000000, 0x0000000100000000)
  eden space 233984K, 100% used [0x00000000e0000000,0x00000000ee480000,0x00000000ee480000)
  from space 23040K, 99% used [0x00000000ee480000,0x00000000efafac78,0x00000000efb00000)
  to   space 30208K, 0% used [0x00000000f3280000,0x00000000f3280000,0x00000000f5000000)
 ParOldGen       total 110592K, used 51030K [0x00000000a0000000, 0x00000000a6c00000, 0x00000000e0000000)
  object space 110592K, 46% used [0x00000000a0000000,0x00000000a31d5950,0x00000000a6c00000)
 Metaspace       used 77476K, capacity 82314K, committed 82600K, reserved 1120256K
  class space    used 10677K, capacity 11587K, committed 11688K, reserved 1048576K
Event: 17.342 GC heap after
Heap after GC invocations=17 (full 3):
 PSYoungGen      total 294912K, used 30192K [0x00000000e0000000, 0x00000000f8780000, 0x0000000100000000)
  eden space 264704K, 0% used [0x00000000e0000000,0x00000000e0000000,0x00000000f0280000)
  from space 30208K, 99% used [0x00000000f3280000,0x00000000f4ffc140,0x00000000f5000000)
  to   space 49152K, 0% used [0x00000000f0280000,0x00000000f0280000,0x00000000f3280000)
 ParOldGen       total 110592K, used 89171K [0x00000000a0000000, 0x00000000a6c00000, 0x00000000e0000000)
  object space 110592K, 80% used [0x00000000a0000000,0x00000000a5714e70,0x00000000a6c00000)
 Metaspace       used 77476K, capacity 82314K, committed 82600K, reserved 1120256K
  class space    used 10677K, capacity 11587K, committed 11688K, reserved 1048576K
}
Event: 17.342 GC heap before
{Heap before GC invocations=18 (full 4):
 PSYoungGen      total 294912K, used 30192K [0x00000000e0000000, 0x00000000f8780000, 0x0000000100000000)
  eden space 264704K, 0% used [0x00000000e0000000,0x00000000e0000000,0x00000000f0280000)
  from space 30208K, 99% used [0x00000000f3280000,0x00000000f4ffc140,0x00000000f5000000)
  to   space 49152K, 0% used [0x00000000f0280000,0x00000000f0280000,0x00000000f3280000)
 ParOldGen       total 110592K, used 89171K [0x00000000a0000000, 0x00000000a6c00000, 0x00000000e0000000)
  object space 110592K, 80% used [0x00000000a0000000,0x00000000a5714e70,0x00000000a6c00000)
 Metaspace       used 77476K, capacity 82314K, committed 82600K, reserved 1120256K
  class space    used 10677K, capacity 11587K, committed 11688K, reserved 1048576K
Event: 17.909 GC heap after
Heap after GC invocations=18 (full 4):
 PSYoungGen      total 294912K, used 0K [0x00000000e0000000, 0x00000000f8780000, 0x0000000100000000)
  eden space 264704K, 0% used [0x00000000e0000000,0x00000000e0000000,0x00000000f0280000)
  from space 30208K, 0% used [0x00000000f3280000,0x00000000f3280000,0x00000000f5000000)
  to   space 49152K, 0% used [0x00000000f0280000,0x00000000f0280000,0x00000000f3280000)
 ParOldGen       total 209920K, used 101623K [0x00000000a0000000, 0x00000000acd00000, 0x00000000e0000000)
  object space 209920K, 48% used [0x00000000a0000000,0x00000000a633dc48,0x00000000acd00000)
 Metaspace       used 76665K, capacity 80060K, committed 82600K, reserved 1120256K
  class space    used 10405K, capacity 11108K, committed 11688K, reserved 1048576K
}
Event: 138.803 GC heap before
{Heap before GC invocations=19 (full 4):
 PSYoungGen      total 294912K, used 264704K [0x00000000e0000000, 0x00000000f8780000, 0x0000000100000000)
  eden space 264704K, 100% used [0x00000000e0000000,0x00000000f0280000,0x00000000f0280000)
  from space 30208K, 0% used [0x00000000f3280000,0x00000000f3280000,0x00000000f5000000)
  to   space 49152K, 0% used [0x00000000f0280000,0x00000000f0280000,0x00000000f3280000)
 ParOldGen       total 209920K, used 101623K [0x00000000a0000000, 0x00000000acd00000, 0x00000000e0000000)
  object space 209920K, 48% used [0x00000000a0000000,0x00000000a633dc48,0x00000000acd00000)
 Metaspace       used 81957K, capacity 85664K, committed 87592K, reserved 1124352K
  class space    used 10879K, capacity 11616K, committed 12072K, reserved 1048576K
Event: 138.822 GC heap after
Heap after GC invocations=19 (full 4):
 PSYoungGen      total 313856K, used 15618K [0x00000000e0000000, 0x00000000f9680000, 0x0000000100000000)
  eden space 264704K, 0% used [0x00000000e0000000,0x00000000e0000000,0x00000000f0280000)
  from space 49152K, 31% used [0x00000000f0280000,0x00000000f11c0a50,0x00000000f3280000)
  to   space 46592K, 0% used [0x00000000f6900000,0x00000000f6900000,0x00000000f9680000)
 ParOldGen       total 209920K, used 101631K [0x00000000a0000000, 0x00000000acd00000, 0x00000000e0000000)
  object space 209920K, 48% used [0x00000000a0000000,0x00000000a633fc48,0x00000000acd00000)
 Metaspace       used 81957K, capacity 85664K, committed 87592K, reserved 1124352K
  class space    used 10879K, capacity 11616K, committed 12072K, reserved 1048576K
}
Event: 143.189 GC heap before
{Heap before GC invocations=20 (full 4):
 PSYoungGen      total 313856K, used 280233K [0x00000000e0000000, 0x00000000f9680000, 0x0000000100000000)
  eden space 264704K, 99% used [0x00000000e0000000,0x00000000f0269a40,0x00000000f0280000)
  from space 49152K, 31% used [0x00000000f0280000,0x00000000f11c0a50,0x00000000f3280000)
  to   space 46592K, 0% used [0x00000000f6900000,0x00000000f6900000,0x00000000f9680000)
 ParOldGen       total 209920K, used 101631K [0x00000000a0000000, 0x00000000acd00000, 0x00000000e0000000)
  object space 209920K, 48% used [0x00000000a0000000,0x00000000a633fc48,0x00000000acd00000)
 Metaspace       used 82595K, capacity 86410K, committed 88104K, reserved 1126400K
  class space    used 10889K, capacity 11665K, committed 12072K, reserved 1048576K
Event: 143.206 GC heap after
Heap after GC invocations=20 (full 4):
 PSYoungGen      total 349184K, used 12367K [0x00000000e0000000, 0x00000000f8a80000, 0x0000000100000000)
  eden space 314880K, 0% used [0x00000000e0000000,0x00000000e0000000,0x00000000f3380000)
  from space 34304K, 36% used [0x00000000f6900000,0x00000000f7513f40,0x00000000f8a80000)
  to   space 44544K, 0% used [0x00000000f3380000,0x00000000f3380000,0x00000000f5f00000)
 ParOldGen       total 209920K, used 101639K [0x00000000a0000000, 0x00000000acd00000, 0x00000000e0000000)
  object space 209920K, 48% used [0x00000000a0000000,0x00000000a6341c48,0x00000000acd00000)
 Metaspace       used 82595K, capacity 86410K, committed 88104K, reserved 1126400K
  class space    used 10889K, capacity 11665K, committed 12072K, reserved 1048576K
}
Event: 145.365 GC heap before
{Heap before GC invocations=21 (full 4):
 PSYoungGen      total 349184K, used 327247K [0x00000000e0000000, 0x00000000f8a80000, 0x0000000100000000)
  eden space 314880K, 100% used [0x00000000e0000000,0x00000000f3380000,0x00000000f3380000)
  from space 34304K, 36% used [0x00000000f6900000,0x00000000f7513f40,0x00000000f8a80000)
  to   space 44544K, 0% used [0x00000000f3380000,0x00000000f3380000,0x00000000f5f00000)
 ParOldGen       total 209920K, used 101639K [0x00000000a0000000, 0x00000000acd00000, 0x00000000e0000000)
  object space 209920K, 48% used [0x00000000a0000000,0x00000000a6341c48,0x00000000acd00000)
 Metaspace       used 82777K, capacity 86572K, committed 88360K, reserved 1126400K
  class space    used 10905K, capacity 11668K, committed 12072K, reserved 1048576K
Event: 145.379 GC heap after
Heap after GC invocations=21 (full 4):
 PSYoungGen      total 359424K, used 17547K [0x00000000e0000000, 0x00000000fa780000, 0x0000000100000000)
  eden space 314880K, 0% used [0x00000000e0000000,0x00000000e0000000,0x00000000f3380000)
  from space 44544K, 39% used [0x00000000f3380000,0x00000000f44a2ce0,0x00000000f5f00000)
  to   space 41984K, 0% used [0x00000000f7e80000,0x00000000f7e80000,0x00000000fa780000)
 ParOldGen       total 209920K, used 101647K [0x00000000a0000000, 0x00000000acd00000, 0x00000000e0000000)
  object space 209920K, 48% used [0x00000000a0000000,0x00000000a6343c48,0x00000000acd00000)
 Metaspace       used 82777K, capacity 86572K, committed 88360K, reserved 1126400K
  class space    used 10905K, capacity 11668K, committed 12072K, reserved 1048576K
}

