# JRE version: OpenJDK Runtime Environment (8.0_242-b01) (build 1.8.0_242-release-1644-b01)
# Java VM: OpenJDK 64-Bit Server VM (25.242-b01 mixed mode windows-amd64 compressed oops)
Heap:
 PSYoungGen      total 190464K, used 32879K [0x00000000e0000000, 0x00000000f0180000, 0x0000000100000000)
  eden space 176640K, 10% used [0x00000000e0000000,0x00000000e12a1200,0x00000000eac80000)
  from space 13824K, 99% used [0x00000000eac80000,0x00000000eb9fac50,0x00000000eba00000)
  to   space 18432K, 0% used [0x00000000eef80000,0x00000000eef80000,0x00000000f0180000)
 ParOldGen       total 89088K, used 20742K [0x00000000a0000000, 0x00000000a5700000, 0x00000000e0000000)
  object space 89088K, 23% used [0x00000000a0000000,0x00000000a1441a28,0x00000000a5700000)
 Metaspace       used 49608K, capacity 51208K, committed 51368K, reserved 1093632K
  class space    used 6632K, capacity 7047K, committed 7088K, reserved 1048576K
GC Heap History (10 events):
Event: 4.264 GC heap before
{Heap before GC invocations=7 (full 1):
 PSYoungGen      total 71680K, used 66247K [0x00000000e0000000, 0x00000000e9b00000, 0x0000000100000000)
  eden space 66560K, 99% used [0x00000000e0000000,0x00000000e40b1d38,0x00000000e4100000)
  from space 5120K, 0% used [0x00000000e4100000,0x00000000e4100000,0x00000000e4600000)
  to   space 12800K, 0% used [0x00000000e8e80000,0x00000000e8e80000,0x00000000e9b00000)
 ParOldGen       total 64512K, used 11435K [0x00000000a0000000, 0x00000000a3f00000, 0x00000000e0000000)
  object space 64512K, 17% used [0x00000000a0000000,0x00000000a0b2ac38,0x00000000a3f00000)
 Metaspace       used 28195K, capacity 28852K, committed 28976K, reserved 1075200K
  class space    used 3894K, capacity 4127K, committed 4144K, reserved 1048576K
Event: 4.271 GC heap after
Heap after GC invocations=7 (full 1):
 PSYoungGen      total 116736K, used 9110K [0x00000000e0000000, 0x00000000e9780000, 0x0000000100000000)
  eden space 107520K, 0% used [0x00000000e0000000,0x00000000e0000000,0x00000000e6900000)
  from space 9216K, 98% used [0x00000000e8e80000,0x00000000e9765a58,0x00000000e9780000)
  to   space 13312K, 0% used [0x00000000e7d80000,0x00000000e7d80000,0x00000000e8a80000)
 ParOldGen       total 64512K, used 11443K [0x00000000a0000000, 0x00000000a3f00000, 0x00000000e0000000)
  object space 64512K, 17% used [0x00000000a0000000,0x00000000a0b2cc38,0x00000000a3f00000)
 Metaspace       used 28195K, capacity 28852K, committed 28976K, reserved 1075200K
  class space    used 3894K, capacity 4127K, committed 4144K, reserved 1048576K
}
Event: 5.144 GC heap before
{Heap before GC invocations=8 (full 1):
 PSYoungGen      total 116736K, used 116630K [0x00000000e0000000, 0x00000000e9780000, 0x0000000100000000)
  eden space 107520K, 100% used [0x00000000e0000000,0x00000000e6900000,0x00000000e6900000)
  from space 9216K, 98% used [0x00000000e8e80000,0x00000000e9765a58,0x00000000e9780000)
  to   space 13312K, 0% used [0x00000000e7d80000,0x00000000e7d80000,0x00000000e8a80000)
 ParOldGen       total 64512K, used 11443K [0x00000000a0000000, 0x00000000a3f00000, 0x00000000e0000000)
  object space 64512K, 17% used [0x00000000a0000000,0x00000000a0b2cc38,0x00000000a3f00000)
 Metaspace       used 34275K, capacity 35150K, committed 35496K, reserved 1079296K
  class space    used 4704K, capacity 4934K, committed 5040K, reserved 1048576K
Event: 5.159 GC heap after
Heap after GC invocations=8 (full 1):
 PSYoungGen      total 141824K, used 11342K [0x00000000e0000000, 0x00000000ec800000, 0x0000000100000000)
  eden space 128512K, 0% used [0x00000000e0000000,0x00000000e0000000,0x00000000e7d80000)
  from space 13312K, 85% used [0x00000000e7d80000,0x00000000e8893ac8,0x00000000e8a80000)
  to   space 14336K, 0% used [0x00000000eba00000,0x00000000eba00000,0x00000000ec800000)
 ParOldGen       total 64512K, used 11451K [0x00000000a0000000, 0x00000000a3f00000, 0x00000000e0000000)
  object space 64512K, 17% used [0x00000000a0000000,0x00000000a0b2ec38,0x00000000a3f00000)
 Metaspace       used 34275K, capacity 35150K, committed 35496K, reserved 1079296K
  class space    used 4704K, capacity 4934K, committed 5040K, reserved 1048576K
}
Event: 5.284 GC heap before
{Heap before GC invocations=9 (full 1):
 PSYoungGen      total 141824K, used 20763K [0x00000000e0000000, 0x00000000ec800000, 0x0000000100000000)
  eden space 128512K, 7% used [0x00000000e0000000,0x00000000e0933318,0x00000000e7d80000)
  from space 13312K, 85% used [0x00000000e7d80000,0x00000000e8893ac8,0x00000000e8a80000)
  to   space 14336K, 0% used [0x00000000eba00000,0x00000000eba00000,0x00000000ec800000)
 ParOldGen       total 64512K, used 11451K [0x00000000a0000000, 0x00000000a3f00000, 0x00000000e0000000)
  object space 64512K, 17% used [0x00000000a0000000,0x00000000a0b2ec38,0x00000000a3f00000)
 Metaspace       used 34582K, capacity 35414K, committed 35496K, reserved 1079296K
  class space    used 4745K, capacity 4972K, committed 5040K, reserved 1048576K
Event: 5.294 GC heap after
Heap after GC invocations=9 (full 1):
 PSYoungGen      total 190976K, used 7024K [0x00000000e0000000, 0x00000000efc00000, 0x0000000100000000)
  eden space 176640K, 0% used [0x00000000e0000000,0x00000000e0000000,0x00000000eac80000)
  from space 14336K, 48% used [0x00000000eba00000,0x00000000ec0dc1b8,0x00000000ec800000)
  to   space 13824K, 0% used [0x00000000eac80000,0x00000000eac80000,0x00000000eba00000)
 ParOldGen       total 64512K, used 11451K [0x00000000a0000000, 0x00000000a3f00000, 0x00000000e0000000)
  object space 64512K, 17% used [0x00000000a0000000,0x00000000a0b2ec38,0x00000000a3f00000)
 Metaspace       used 34582K, capacity 35414K, committed 35496K, reserved 1079296K
  class space    used 4745K, capacity 4972K, committed 5040K, reserved 1048576K
}
Event: 5.294 GC heap before
{Heap before GC invocations=10 (full 2):
 PSYoungGen      total 190976K, used 7024K [0x00000000e0000000, 0x00000000efc00000, 0x0000000100000000)
  eden space 176640K, 0% used [0x00000000e0000000,0x00000000e0000000,0x00000000eac80000)
  from space 14336K, 48% used [0x00000000eba00000,0x00000000ec0dc1b8,0x00000000ec800000)
  to   space 13824K, 0% used [0x00000000eac80000,0x00000000eac80000,0x00000000eba00000)
 ParOldGen       total 64512K, used 11451K [0x00000000a0000000, 0x00000000a3f00000, 0x00000000e0000000)
  object space 64512K, 17% used [0x00000000a0000000,0x00000000a0b2ec38,0x00000000a3f00000)
 Metaspace       used 34582K, capacity 35414K, committed 35496K, reserved 1079296K
  class space    used 4745K, capacity 4972K, committed 5040K, reserved 1048576K
Event: 5.367 GC heap after
Heap after GC invocations=10 (full 2):
 PSYoungGen      total 190976K, used 0K [0x00000000e0000000, 0x00000000efc00000, 0x0000000100000000)
  eden space 176640K, 0% used [0x00000000e0000000,0x00000000e0000000,0x00000000eac80000)
  from space 14336K, 0% used [0x00000000eba00000,0x00000000eba00000,0x00000000ec800000)
  to   space 13824K, 0% used [0x00000000eac80000,0x00000000eac80000,0x00000000eba00000)
 ParOldGen       total 89088K, used 13716K [0x00000000a0000000, 0x00000000a5700000, 0x00000000e0000000)
  object space 89088K, 15% used [0x00000000a0000000,0x00000000a0d651e8,0x00000000a5700000)
 Metaspace       used 34582K, capacity 35414K, committed 35496K, reserved 1079296K
  class space    used 4745K, capacity 4972K, committed 5040K, reserved 1048576K
}
Event: 9.298 GC heap before
{Heap before GC invocations=11 (full 2):
 PSYoungGen      total 190976K, used 176640K [0x00000000e0000000, 0x00000000efc00000, 0x0000000100000000)
  eden space 176640K, 100% used [0x00000000e0000000,0x00000000eac80000,0x00000000eac80000)
  from space 14336K, 0% used [0x00000000eba00000,0x00000000eba00000,0x00000000ec800000)
  to   space 13824K, 0% used [0x00000000eac80000,0x00000000eac80000,0x00000000eba00000)
 ParOldGen       total 89088K, used 13716K [0x00000000a0000000, 0x00000000a5700000, 0x00000000e0000000)
  object space 89088K, 15% used [0x00000000a0000000,0x00000000a0d651e8,0x00000000a5700000)
 Metaspace       used 49535K, capacity 51088K, committed 51368K, reserved 1093632K
  class space    used 6620K, capacity 7007K, committed 7088K, reserved 1048576K
Event: 9.322 GC heap after
Heap after GC invocations=11 (full 2):
 PSYoungGen      total 190464K, used 13803K [0x00000000e0000000, 0x00000000f0180000, 0x0000000100000000)
  eden space 176640K, 0% used [0x00000000e0000000,0x00000000e0000000,0x00000000eac80000)
  from space 13824K, 99% used [0x00000000eac80000,0x00000000eb9fac50,0x00000000eba00000)
  to   space 18432K, 0% used [0x00000000eef80000,0x00000000eef80000,0x00000000f0180000)
 ParOldGen       total 89088K, used 20742K [0x00000000a0000000, 0x00000000a5700000, 0x00000000e0000000)
  object space 89088K, 23% used [0x00000000a0000000,0x00000000a1441a28,0x00000000a5700000)
 Metaspace       used 49535K, capacity 51088K, committed 51368K, reserved 1093632K
  class space    used 6620K, capacity 7007K, committed 7088K, reserved 1048576K
}

