# JRE version: OpenJDK Runtime Environment (8.0_242-b01) (build 1.8.0_242-release-1644-b01)
# Java VM: OpenJDK 64-Bit Server VM (25.242-b01 mixed mode windows-amd64 compressed oops)
Heap:
 PSYoungGen      total 186880K, used 65250K [0x00000000e0000000, 0x00000000ed780000, 0x0000000100000000)
  eden space 163328K, 25% used [0x00000000e0000000,0x00000000e28b8be8,0x00000000e9f80000)
  from space 23552K, 99% used [0x00000000ea480000,0x00000000ebb7fcb8,0x00000000ebb80000)
  to   space 28672K, 0% used [0x00000000ebb80000,0x00000000ebb80000,0x00000000ed780000)
 ParOldGen       total 151552K, used 42709K [0x00000000a0000000, 0x00000000a9400000, 0x00000000e0000000)
  object space 151552K, 28% used [0x00000000a0000000,0x00000000a29b54b0,0x00000000a9400000)
 Metaspace       used 79003K, capacity 82888K, committed 83032K, reserved 1120256K
  class space    used 10515K, capacity 11295K, committed 11392K, reserved 1048576K
GC Heap History (10 events):
Event: 13.402 GC heap before
{Heap before GC invocations=14 (full 2):
 PSYoungGen      total 145408K, used 113083K [0x00000000e0000000, 0x00000000eb680000, 0x0000000100000000)
  eden space 132608K, 75% used [0x00000000e0000000,0x00000000e61f5b90,0x00000000e8180000)
  from space 12800K, 99% used [0x00000000e8180000,0x00000000e8df9310,0x00000000e8e00000)
  to   space 16896K, 0% used [0x00000000ea600000,0x00000000ea600000,0x00000000eb680000)
 ParOldGen       total 94208K, used 23887K [0x00000000a0000000, 0x00000000a5c00000, 0x00000000e0000000)
  object space 94208K, 25% used [0x00000000a0000000,0x00000000a1753f60,0x00000000a5c00000)
 Metaspace       used 57128K, capacity 59028K, committed 59096K, reserved 1099776K
  class space    used 7713K, capacity 8171K, committed 8192K, reserved 1048576K
Event: 13.429 GC heap after
Heap after GC invocations=14 (full 2):
 PSYoungGen      total 165376K, used 16882K [0x00000000e0000000, 0x00000000ecb80000, 0x0000000100000000)
  eden space 148480K, 0% used [0x00000000e0000000,0x00000000e0000000,0x00000000e9100000)
  from space 16896K, 99% used [0x00000000ea600000,0x00000000eb67c940,0x00000000eb680000)
  to   space 21504K, 0% used [0x00000000e9100000,0x00000000e9100000,0x00000000ea600000)
 ParOldGen       total 94208K, used 30447K [0x00000000a0000000, 0x00000000a5c00000, 0x00000000e0000000)
  object space 94208K, 32% used [0x00000000a0000000,0x00000000a1dbbe30,0x00000000a5c00000)
 Metaspace       used 57128K, capacity 59028K, committed 59096K, reserved 1099776K
  class space    used 7713K, capacity 8171K, committed 8192K, reserved 1048576K
}
Event: 13.429 GC heap before
{Heap before GC invocations=15 (full 3):
 PSYoungGen      total 165376K, used 16882K [0x00000000e0000000, 0x00000000ecb80000, 0x0000000100000000)
  eden space 148480K, 0% used [0x00000000e0000000,0x00000000e0000000,0x00000000e9100000)
  from space 16896K, 99% used [0x00000000ea600000,0x00000000eb67c940,0x00000000eb680000)
  to   space 21504K, 0% used [0x00000000e9100000,0x00000000e9100000,0x00000000ea600000)
 ParOldGen       total 94208K, used 30447K [0x00000000a0000000, 0x00000000a5c00000, 0x00000000e0000000)
  object space 94208K, 32% used [0x00000000a0000000,0x00000000a1dbbe30,0x00000000a5c00000)
 Metaspace       used 57128K, capacity 59028K, committed 59096K, reserved 1099776K
  class space    used 7713K, capacity 8171K, committed 8192K, reserved 1048576K
Event: 13.829 GC heap after
Heap after GC invocations=15 (full 3):
 PSYoungGen      total 165376K, used 0K [0x00000000e0000000, 0x00000000ecb80000, 0x0000000100000000)
  eden space 148480K, 0% used [0x00000000e0000000,0x00000000e0000000,0x00000000e9100000)
  from space 16896K, 0% used [0x00000000ea600000,0x00000000ea600000,0x00000000eb680000)
  to   space 21504K, 0% used [0x00000000e9100000,0x00000000e9100000,0x00000000ea600000)
 ParOldGen       total 151552K, used 37344K [0x00000000a0000000, 0x00000000a9400000, 0x00000000e0000000)
  object space 151552K, 24% used [0x00000000a0000000,0x00000000a2478258,0x00000000a9400000)
 Metaspace       used 57114K, capacity 58986K, committed 59096K, reserved 1099776K
  class space    used 7710K, capacity 8164K, committed 8192K, reserved 1048576K
}
Event: 16.562 GC heap before
{Heap before GC invocations=16 (full 3):
 PSYoungGen      total 165376K, used 148480K [0x00000000e0000000, 0x00000000ecb80000, 0x0000000100000000)
  eden space 148480K, 100% used [0x00000000e0000000,0x00000000e9100000,0x00000000e9100000)
  from space 16896K, 0% used [0x00000000ea600000,0x00000000ea600000,0x00000000eb680000)
  to   space 21504K, 0% used [0x00000000e9100000,0x00000000e9100000,0x00000000ea600000)
 ParOldGen       total 151552K, used 37344K [0x00000000a0000000, 0x00000000a9400000, 0x00000000e0000000)
  object space 151552K, 24% used [0x00000000a0000000,0x00000000a2478258,0x00000000a9400000)
 Metaspace       used 65047K, capacity 67288K, committed 67416K, reserved 1107968K
  class space    used 8844K, capacity 9344K, committed 9344K, reserved 1048576K
Event: 16.579 GC heap after
Heap after GC invocations=16 (full 3):
 PSYoungGen      total 169984K, used 12389K [0x00000000e0000000, 0x00000000ed080000, 0x0000000100000000)
  eden space 148480K, 0% used [0x00000000e0000000,0x00000000e0000000,0x00000000e9100000)
  from space 21504K, 57% used [0x00000000e9100000,0x00000000e9d19640,0x00000000ea600000)
  to   space 21504K, 0% used [0x00000000ebb80000,0x00000000ebb80000,0x00000000ed080000)
 ParOldGen       total 151552K, used 37416K [0x00000000a0000000, 0x00000000a9400000, 0x00000000e0000000)
  object space 151552K, 24% used [0x00000000a0000000,0x00000000a248a268,0x00000000a9400000)
 Metaspace       used 65047K, capacity 67288K, committed 67416K, reserved 1107968K
  class space    used 8844K, capacity 9344K, committed 9344K, reserved 1048576K
}
Event: 19.402 GC heap before
{Heap before GC invocations=17 (full 3):
 PSYoungGen      total 169984K, used 160869K [0x00000000e0000000, 0x00000000ed080000, 0x0000000100000000)
  eden space 148480K, 100% used [0x00000000e0000000,0x00000000e9100000,0x00000000e9100000)
  from space 21504K, 57% used [0x00000000e9100000,0x00000000e9d19640,0x00000000ea600000)
  to   space 21504K, 0% used [0x00000000ebb80000,0x00000000ebb80000,0x00000000ed080000)
 ParOldGen       total 151552K, used 37416K [0x00000000a0000000, 0x00000000a9400000, 0x00000000e0000000)
  object space 151552K, 24% used [0x00000000a0000000,0x00000000a248a268,0x00000000a9400000)
 Metaspace       used 71684K, capacity 74814K, committed 74968K, reserved 1114112K
  class space    used 9815K, capacity 10465K, committed 10496K, reserved 1048576K
Event: 19.427 GC heap after
Heap after GC invocations=17 (full 3):
 PSYoungGen      total 189952K, used 19631K [0x00000000e0000000, 0x00000000ed380000, 0x0000000100000000)
  eden space 168448K, 0% used [0x00000000e0000000,0x00000000e0000000,0x00000000ea480000)
  from space 21504K, 91% used [0x00000000ebb80000,0x00000000eceabd70,0x00000000ed080000)
  to   space 23552K, 0% used [0x00000000ea480000,0x00000000ea480000,0x00000000ebb80000)
 ParOldGen       total 151552K, used 37424K [0x00000000a0000000, 0x00000000a9400000, 0x00000000e0000000)
  object space 151552K, 24% used [0x00000000a0000000,0x00000000a248c268,0x00000000a9400000)
 Metaspace       used 71684K, capacity 74814K, committed 74968K, reserved 1114112K
  class space    used 9815K, capacity 10465K, committed 10496K, reserved 1048576K
}
Event: 3374.545 GC heap before
{Heap before GC invocations=18 (full 3):
 PSYoungGen      total 189952K, used 188079K [0x00000000e0000000, 0x00000000ed380000, 0x0000000100000000)
  eden space 168448K, 100% used [0x00000000e0000000,0x00000000ea480000,0x00000000ea480000)
  from space 21504K, 91% used [0x00000000ebb80000,0x00000000eceabd70,0x00000000ed080000)
  to   space 23552K, 0% used [0x00000000ea480000,0x00000000ea480000,0x00000000ebb80000)
 ParOldGen       total 151552K, used 37424K [0x00000000a0000000, 0x00000000a9400000, 0x00000000e0000000)
  object space 151552K, 24% used [0x00000000a0000000,0x00000000a248c268,0x00000000a9400000)
 Metaspace       used 78232K, capacity 82058K, committed 82392K, reserved 1120256K
  class space    used 10411K, capacity 11168K, committed 11264K, reserved 1048576K
Event: 3374.664 GC heap after
Heap after GC invocations=18 (full 3):
 PSYoungGen      total 186880K, used 23551K [0x00000000e0000000, 0x00000000ed780000, 0x0000000100000000)
  eden space 163328K, 0% used [0x00000000e0000000,0x00000000e0000000,0x00000000e9f80000)
  from space 23552K, 99% used [0x00000000ea480000,0x00000000ebb7fcb8,0x00000000ebb80000)
  to   space 28672K, 0% used [0x00000000ebb80000,0x00000000ebb80000,0x00000000ed780000)
 ParOldGen       total 151552K, used 42709K [0x00000000a0000000, 0x00000000a9400000, 0x00000000e0000000)
  object space 151552K, 28% used [0x00000000a0000000,0x00000000a29b54b0,0x00000000a9400000)
 Metaspace       used 78232K, capacity 82058K, committed 82392K, reserved 1120256K
  class space    used 10411K, capacity 11168K, committed 11264K, reserved 1048576K
}

