# JRE version: OpenJDK Runtime Environment (8.0_242-b01) (build 1.8.0_242-release-1644-b01)
# Java VM: OpenJDK 64-Bit Server VM (25.242-b01 mixed mode windows-amd64 compressed oops)
Heap:
 PSYoungGen      total 339968K, used 262315K [0x00000000e0000000, 0x00000000fb380000, 0x0000000100000000)
  eden space 310784K, 75% used [0x00000000e0000000,0x00000000ee3b1898,0x00000000f2f80000)
  from space 29184K, 99% used [0x00000000f9700000,0x00000000fb3795e8,0x00000000fb380000)
  to   space 25088K, 0% used [0x00000000f2f80000,0x00000000f2f80000,0x00000000f4800000)
 ParOldGen       total 116736K, used 76250K [0x00000000a0000000, 0x00000000a7200000, 0x00000000e0000000)
  object space 116736K, 65% used [0x00000000a0000000,0x00000000a4a76b30,0x00000000a7200000)
 Metaspace       used 78946K, capacity 84118K, committed 84264K, reserved 1122304K
  class space    used 10852K, capacity 11769K, committed 11816K, reserved 1048576K
GC Heap History (10 events):
Event: 7.103 GC heap before
{Heap before GC invocations=11 (full 2):
 PSYoungGen      total 244736K, used 232960K [0x00000000e0000000, 0x00000000f0080000, 0x0000000100000000)
  eden space 232960K, 100% used [0x00000000e0000000,0x00000000ee380000,0x00000000ee380000)
  from space 11776K, 0% used [0x00000000ef500000,0x00000000ef500000,0x00000000f0080000)
  to   space 14848K, 0% used [0x00000000ee380000,0x00000000ee380000,0x00000000ef200000)
 ParOldGen       total 76800K, used 15867K [0x00000000a0000000, 0x00000000a4b00000, 0x00000000e0000000)
  object space 76800K, 20% used [0x00000000a0000000,0x00000000a0f7ee18,0x00000000a4b00000)
 Metaspace       used 53162K, capacity 54990K, committed 55080K, reserved 1097728K
  class space    used 7218K, capacity 7642K, committed 7720K, reserved 1048576K
Event: 7.129 GC heap after
Heap after GC invocations=11 (full 2):
 PSYoungGen      total 247808K, used 14827K [0x00000000e0000000, 0x00000000f5d80000, 0x0000000100000000)
  eden space 232960K, 0% used [0x00000000e0000000,0x00000000e0000000,0x00000000ee380000)
  from space 14848K, 99% used [0x00000000ee380000,0x00000000ef1fad90,0x00000000ef200000)
  to   space 22016K, 0% used [0x00000000f4800000,0x00000000f4800000,0x00000000f5d80000)
 ParOldGen       total 76800K, used 28024K [0x00000000a0000000, 0x00000000a4b00000, 0x00000000e0000000)
  object space 76800K, 36% used [0x00000000a0000000,0x00000000a1b5e0b0,0x00000000a4b00000)
 Metaspace       used 53162K, capacity 54990K, committed 55080K, reserved 1097728K
  class space    used 7218K, capacity 7642K, committed 7720K, reserved 1048576K
}
Event: 7.741 GC heap before
{Heap before GC invocations=12 (full 2):
 PSYoungGen      total 247808K, used 88191K [0x00000000e0000000, 0x00000000f5d80000, 0x0000000100000000)
  eden space 232960K, 31% used [0x00000000e0000000,0x00000000e47a5170,0x00000000ee380000)
  from space 14848K, 99% used [0x00000000ee380000,0x00000000ef1fad90,0x00000000ef200000)
  to   space 22016K, 0% used [0x00000000f4800000,0x00000000f4800000,0x00000000f5d80000)
 ParOldGen       total 76800K, used 28024K [0x00000000a0000000, 0x00000000a4b00000, 0x00000000e0000000)
  object space 76800K, 36% used [0x00000000a0000000,0x00000000a1b5e0b0,0x00000000a4b00000)
 Metaspace       used 57143K, capacity 59092K, committed 59160K, reserved 1099776K
  class space    used 7858K, capacity 8302K, committed 8360K, reserved 1048576K
Event: 7.757 GC heap after
Heap after GC invocations=12 (full 2):
 PSYoungGen      total 332800K, used 21496K [0x00000000e0000000, 0x00000000f6280000, 0x0000000100000000)
  eden space 310784K, 0% used [0x00000000e0000000,0x00000000e0000000,0x00000000f2f80000)
  from space 22016K, 97% used [0x00000000f4800000,0x00000000f5cfe340,0x00000000f5d80000)
  to   space 25088K, 0% used [0x00000000f2f80000,0x00000000f2f80000,0x00000000f4800000)
 ParOldGen       total 76800K, used 28032K [0x00000000a0000000, 0x00000000a4b00000, 0x00000000e0000000)
  object space 76800K, 36% used [0x00000000a0000000,0x00000000a1b600b0,0x00000000a4b00000)
 Metaspace       used 57143K, capacity 59092K, committed 59160K, reserved 1099776K
  class space    used 7858K, capacity 8302K, committed 8360K, reserved 1048576K
}
Event: 7.757 GC heap before
{Heap before GC invocations=13 (full 3):
 PSYoungGen      total 332800K, used 21496K [0x00000000e0000000, 0x00000000f6280000, 0x0000000100000000)
  eden space 310784K, 0% used [0x00000000e0000000,0x00000000e0000000,0x00000000f2f80000)
  from space 22016K, 97% used [0x00000000f4800000,0x00000000f5cfe340,0x00000000f5d80000)
  to   space 25088K, 0% used [0x00000000f2f80000,0x00000000f2f80000,0x00000000f4800000)
 ParOldGen       total 76800K, used 28032K [0x00000000a0000000, 0x00000000a4b00000, 0x00000000e0000000)
  object space 76800K, 36% used [0x00000000a0000000,0x00000000a1b600b0,0x00000000a4b00000)
 Metaspace       used 57143K, capacity 59092K, committed 59160K, reserved 1099776K
  class space    used 7858K, capacity 8302K, committed 8360K, reserved 1048576K
Event: 7.936 GC heap after
Heap after GC invocations=13 (full 3):
 PSYoungGen      total 332800K, used 0K [0x00000000e0000000, 0x00000000f6280000, 0x0000000100000000)
  eden space 310784K, 0% used [0x00000000e0000000,0x00000000e0000000,0x00000000f2f80000)
  from space 22016K, 0% used [0x00000000f4800000,0x00000000f4800000,0x00000000f5d80000)
  to   space 25088K, 0% used [0x00000000f2f80000,0x00000000f2f80000,0x00000000f4800000)
 ParOldGen       total 116736K, used 33948K [0x00000000a0000000, 0x00000000a7200000, 0x00000000e0000000)
  object space 116736K, 29% used [0x00000000a0000000,0x00000000a2127020,0x00000000a7200000)
 Metaspace       used 57115K, capacity 58996K, committed 59160K, reserved 1099776K
  class space    used 7849K, capacity 8286K, committed 8360K, reserved 1048576K
}
Event: 12.477 GC heap before
{Heap before GC invocations=14 (full 3):
 PSYoungGen      total 332800K, used 310784K [0x00000000e0000000, 0x00000000f6280000, 0x0000000100000000)
  eden space 310784K, 100% used [0x00000000e0000000,0x00000000f2f80000,0x00000000f2f80000)
  from space 22016K, 0% used [0x00000000f4800000,0x00000000f4800000,0x00000000f5d80000)
  to   space 25088K, 0% used [0x00000000f2f80000,0x00000000f2f80000,0x00000000f4800000)
 ParOldGen       total 116736K, used 33948K [0x00000000a0000000, 0x00000000a7200000, 0x00000000e0000000)
  object space 116736K, 29% used [0x00000000a0000000,0x00000000a2127020,0x00000000a7200000)
 Metaspace       used 67481K, capacity 70932K, committed 71208K, reserved 1110016K
  class space    used 9271K, capacity 9956K, committed 10024K, reserved 1048576K
Event: 12.499 GC heap after
Heap after GC invocations=14 (full 3):
 PSYoungGen      total 335872K, used 25065K [0x00000000e0000000, 0x00000000fb380000, 0x0000000100000000)
  eden space 310784K, 0% used [0x00000000e0000000,0x00000000e0000000,0x00000000f2f80000)
  from space 25088K, 99% used [0x00000000f2f80000,0x00000000f47fa578,0x00000000f4800000)
  to   space 29184K, 0% used [0x00000000f9700000,0x00000000f9700000,0x00000000fb380000)
 ParOldGen       total 116736K, used 34752K [0x00000000a0000000, 0x00000000a7200000, 0x00000000e0000000)
  object space 116736K, 29% used [0x00000000a0000000,0x00000000a21f0340,0x00000000a7200000)
 Metaspace       used 67481K, capacity 70932K, committed 71208K, reserved 1110016K
  class space    used 9271K, capacity 9956K, committed 10024K, reserved 1048576K
}
Event: 14.096 GC heap before
{Heap before GC invocations=15 (full 3):
 PSYoungGen      total 335872K, used 335849K [0x00000000e0000000, 0x00000000fb380000, 0x0000000100000000)
  eden space 310784K, 100% used [0x00000000e0000000,0x00000000f2f80000,0x00000000f2f80000)
  from space 25088K, 99% used [0x00000000f2f80000,0x00000000f47fa578,0x00000000f4800000)
  to   space 29184K, 0% used [0x00000000f9700000,0x00000000f9700000,0x00000000fb380000)
 ParOldGen       total 116736K, used 34752K [0x00000000a0000000, 0x00000000a7200000, 0x00000000e0000000)
  object space 116736K, 29% used [0x00000000a0000000,0x00000000a21f0340,0x00000000a7200000)
 Metaspace       used 77291K, capacity 82302K, committed 82600K, reserved 1120256K
  class space    used 10685K, capacity 11573K, committed 11688K, reserved 1048576K
Event: 14.169 GC heap after
Heap after GC invocations=15 (full 3):
 PSYoungGen      total 339968K, used 29157K [0x00000000e0000000, 0x00000000fb380000, 0x0000000100000000)
  eden space 310784K, 0% used [0x00000000e0000000,0x00000000e0000000,0x00000000f2f80000)
  from space 29184K, 99% used [0x00000000f9700000,0x00000000fb3795e8,0x00000000fb380000)
  to   space 25088K, 0% used [0x00000000f2f80000,0x00000000f2f80000,0x00000000f4800000)
 ParOldGen       total 116736K, used 76250K [0x00000000a0000000, 0x00000000a7200000, 0x00000000e0000000)
  object space 116736K, 65% used [0x00000000a0000000,0x00000000a4a76b30,0x00000000a7200000)
 Metaspace       used 77291K, capacity 82302K, committed 82600K, reserved 1120256K
  class space    used 10685K, capacity 11573K, committed 11688K, reserved 1048576K
}

